<?xml version="1.0" encoding="UTF-8"?>
<!-- Generated by org.testng.reporters.JUnitXMLReporter -->
<testsuite ignored="5" hostname="UBL-HNF7VT3" failures="0" tests="6" name="API Demos App Test" time="119.978" errors="0" timestamp="2024-12-12T13:26:48 EST">
  <testcase classname="tests.APIDemos_TC01" name="handleElements1" time="7.304"/>
  <testcase classname="tests.APIDemos_TC02" name="handleElements2" time="8.72"/>
  <testcase classname="tests.APIDemos_TC03" name="handleElements3" time="7.489"/>
  <testcase classname="tests.APIDemos_TC04" name="handleElements4" time="9.962"/>
  <testcase classname="tests.APIDemos_TC05" name="handleElements5" time="3.745"/>
  <testcase classname="tests.WifiSettings_TC06" name="modifyWifiSettings" time="11.665"/>
  <testcase classname="tests.ExtentReport" name="@BeforeSuite setup" time="0.0">
    <ignored/>
  </testcase> <!-- @BeforeSuite setup -->
  <testcase classname="tests.ExtentReport" name="@BeforeSuite setup" time="0.0">
    <ignored/>
  </testcase> <!-- @BeforeSuite setup -->
  <testcase classname="tests.ExtentReport" name="@BeforeSuite setup" time="0.0">
    <ignored/>
  </testcase> <!-- @BeforeSuite setup -->
  <testcase classname="tests.ExtentReport" name="@BeforeSuite setup" time="0.0">
    <ignored/>
  </testcase> <!-- @BeforeSuite setup -->
  <testcase classname="tests.ExtentReport" name="@BeforeSuite setup" time="0.0">
    <ignored/>
  </testcase> <!-- @BeforeSuite setup -->
</testsuite> <!-- API Demos App Test -->
