<?xml version="1.0" encoding="UTF-8"?>
<!-- Generated by org.testng.reporters.JUnitXMLReporter -->
<testsuite ignored="1" hostname="UBL-HNF7VT3" failures="0" tests="2" name="Phone dialer App Test" time="53.802" errors="0" timestamp="2024-12-12T13:27:42 EST">
  <testcase classname="tests.PhoneDialer_TC02" name="handleElements6" time="10.499"/>
  <testcase classname="tests.PhoneDialer_TC01" name="callDialer" time="16.501"/>
  <testcase classname="tests.ExtentReport" name="@BeforeSuite setup" time="0.0">
    <ignored/>
  </testcase> <!-- @BeforeSuite setup -->
</testsuite> <!-- Phone dialer App Test -->
