<?xml version="1.0" encoding="UTF-8"?>
<!-- Generated by org.testng.reporters.JUnitXMLReporter -->
<testsuite ignored="1" hostname="UBL-HNF7VT3" failures="0" tests="2" name="Web App Test" time="53.745" errors="0" timestamp="2024-12-12T13:24:48 EST">
  <testcase classname="tests.Chrome_TC01" name="handleElements2" time="13.112"/>
  <testcase classname="tests.Chrome_TC02" name="search" time="8.463"/>
  <testcase classname="tests.ExtentReport" name="@BeforeSuite setup" time="0.0">
    <ignored/>
  </testcase> <!-- @BeforeSuite setup -->
</testsuite> <!-- Web App Test -->
